<?xml version="1.0"?>

<beans xmlns="http://www.springframework.org/schema/beans"
	xmlns:tx="http://www.springframework.org/schema/tx" xmlns:xsi="http://www.w3.org/2001/XMLSchema-instance"
	xsi:schemaLocation="
        http://www.springframework.org/schema/beans http://www.springframework.org/schema/beans/spring-beans-2.0.xsd
        http://www.springframework.org/schema/tx http://www.springframework.org/schema/tx/spring-tx-2.0.xsd">

	<!-- Persistence - database, Hibernate, transactions, repository implementations -->
	<!-- data source for ORMUnit -->
	<bean id="ormunit.DataSource" class="org.apache.commons.dbcp.BasicDataSource"
		destroy-method="close">
		<property name="url" value="jdbc:oracle:thin:@192.168.9.233:1521:SPRING" />
		<property name="driverClassName" value="oracle.jdbc.driver.OracleDriver" />
		<property name="username" value="chunqiu3" />
		<property name="password" value="chunqiu3" />
		<!-- <property name="initialSize" value="4" /> -->
		<property name="defaultAutoCommit" value="false" />
		<!-- <property name="initialSize" value="4" /> -->
		<!-- <property name="defaultAutoCommit" value="false" /> -->
	</bean>
	<!-- <bean id="ormunit.DataSource" class="org.apache.commons.dbcp.BasicDataSource" 
		destroy-method="close"> <property name="driverClassName"> <value>com.mysql.jdbc.Driver</value> 
		</property> <property name="url"> <value>jdbc:mysql://localhost:3306/tour</value> 
		</property> <property name="username"> <value>root</value> </property> <property 
		name="password"> <value>mellon</value> </property> </bean> -->

	<bean id="ormunit.SqlMapClient" class="org.springframework.orm.ibatis.SqlMapClientFactoryBean">
		<property name="configLocation"
			value="classpath:com/springtour/otg/sqlMapConfig.xml" />
		<property name="dataSource" ref="ormunit.DataSource" />
	</bean>

	<bean id="ormunit.SqlMapClientTemplate" class="org.springframework.orm.ibatis.SqlMapClientTemplate">
		<property name="sqlMapClient" ref="ormunit.SqlMapClient" />
	</bean>

	<bean id="ormunit.DataSourceTransactionManager"
		class="org.springframework.jdbc.datasource.DataSourceTransactionManager">
		<property name="dataSource" ref="ormunit.DataSource" />
	</bean>

	<bean id="ormunit.NoopDatabaseResetStrategy" class="com.spring.tour.ormunit.NoopDatabaseResetStrategy" />
	<!-- <bean id="ormunit.RollbackTransactionPersistenceTestsStrategyHibernateImpl" 
		class="com.spring.tour.ormunit.hibernate.RollbackTransactionHibernatePersistenceTestsStrategy"> 
		<constructor-arg ref="ormunit.HibernateTemplate" /> <constructor-arg ref="ormunit.HibernateTransactionManager" 
		/> </bean> -->
	<bean id="ormunit.DataSourceSimplePersistenceTestsStrategyImpl"
		class="com.spring.tour.ormunit.SimplePersistenceTestsStrategy">
		<constructor-arg ref="ormunit.DataSourceTransactionTemplate" />
	</bean>
	<bean id="ormunit.DataSourceTransactionTemplate"
		class="org.springframework.transaction.support.TransactionTemplate">
		<property name="transactionManager" ref="ormunit.DataSourceTransactionManager" />
	</bean>

</beans>